00:57:49.451 [main] INFO  b.c.analisador.AnalisadorApplication - Iniciando a aplicação...
00:57:49.836 [restartedMain] INFO  b.c.analisador.AnalisadorApplication - Iniciando a aplicação...
00:57:50.397 [background-preinit] INFO  o.h.validator.internal.util.Version - HV000001: Hibernate Validator 6.2.0.Final
00:57:50.400 [restartedMain] INFO  b.c.analisador.AnalisadorApplication - Starting AnalisadorApplication using Java 17.0.6 on DESKTOP-QRRI2G7 with PID 15704 (C:\Users\Matheus Alexandre\Documents\Codigos Matheus\analisador\target\classes started by Matheus Alexandre in C:\Users\Matheus Alexandre\Documents\Codigos Matheus\analisador)
00:57:50.402 [restartedMain] INFO  b.c.analisador.AnalisadorApplication - No active profile set, falling back to default profiles: default
00:57:50.473 [restartedMain] INFO  o.s.b.d.e.DevToolsPropertyDefaultsPostProcessor - Devtools property defaults active! Set 'spring.devtools.add-properties' to 'false' to disable
00:57:50.473 [restartedMain] INFO  o.s.b.d.e.DevToolsPropertyDefaultsPostProcessor - For additional web related logging consider setting the 'logging.level.web' property to 'DEBUG'
00:57:51.685 [restartedMain] INFO  o.s.d.r.c.RepositoryConfigurationDelegate - Bootstrapping Spring Data JPA repositories in DEFAULT mode.
00:57:51.808 [restartedMain] INFO  o.s.d.r.c.RepositoryConfigurationDelegate - Finished Spring Data repository scanning in 108 ms. Found 3 JPA repository interfaces.
00:57:52.851 [restartedMain] INFO  o.s.b.w.e.tomcat.TomcatWebServer - Tomcat initialized with port(s): 8080 (http)
00:57:52.868 [restartedMain] INFO  o.a.coyote.http11.Http11NioProtocol - Initializing ProtocolHandler ["http-nio-8080"]
00:57:52.869 [restartedMain] INFO  o.a.catalina.core.StandardService - Starting service [Tomcat]
00:57:52.869 [restartedMain] INFO  o.a.catalina.core.StandardEngine - Starting Servlet engine: [Apache Tomcat/9.0.52]
00:57:53.026 [restartedMain] INFO  o.a.c.c.C.[Tomcat].[localhost].[/] - Initializing Spring embedded WebApplicationContext
00:57:53.026 [restartedMain] INFO  o.s.b.w.s.c.ServletWebServerApplicationContext - Root WebApplicationContext: initialization completed in 2552 ms
00:57:53.088 [restartedMain] INFO  com.zaxxer.hikari.HikariDataSource - HikariPool-1 - Starting...
00:57:53.323 [restartedMain] INFO  com.zaxxer.hikari.HikariDataSource - HikariPool-1 - Start completed.
00:57:53.330 [restartedMain] INFO  o.s.b.a.h.H2ConsoleAutoConfiguration - H2 console available at '/h2-console'. Database available at 'jdbc:h2:mem:db_analisador'
00:57:53.540 [restartedMain] INFO  o.h.jpa.internal.util.LogHelper - HHH000204: Processing PersistenceUnitInfo [name: default]
00:57:53.641 [restartedMain] INFO  org.hibernate.Version - HHH000412: Hibernate ORM core version 5.4.32.Final
00:57:53.851 [restartedMain] INFO  o.h.annotations.common.Version - HCANN000001: Hibernate Commons Annotations {5.1.2.Final}
00:57:54.011 [restartedMain] INFO  org.hibernate.dialect.Dialect - HHH000400: Using dialect: org.hibernate.dialect.H2Dialect
00:57:54.850 [restartedMain] INFO  o.h.e.t.j.p.i.JtaPlatformInitiator - HHH000490: Using JtaPlatform implementation: [org.hibernate.engine.transaction.jta.platform.internal.NoJtaPlatform]
00:57:54.856 [restartedMain] INFO  o.s.o.j.LocalContainerEntityManagerFactoryBean - Initialized JPA EntityManagerFactory for persistence unit 'default'
00:57:55.779 [restartedMain] INFO  b.c.a.c.validation.ValidationConfig - Configuring validation bean...
00:57:55.832 [restartedMain] WARN  o.s.b.a.o.j.JpaBaseConfiguration$JpaWebConfiguration - spring.jpa.open-in-view is enabled by default. Therefore, database queries may be performed during view rendering. Explicitly configure spring.jpa.open-in-view to disable this warning
00:57:56.281 [restartedMain] INFO  o.s.b.d.a.OptionalLiveReloadServer - LiveReload server is running on port 35729
00:57:56.300 [restartedMain] INFO  o.a.coyote.http11.Http11NioProtocol - Starting ProtocolHandler ["http-nio-8080"]
00:57:56.334 [restartedMain] INFO  o.s.b.w.e.tomcat.TomcatWebServer - Tomcat started on port(s): 8080 (http) with context path ''
00:57:56.348 [restartedMain] INFO  b.c.analisador.AnalisadorApplication - Started AnalisadorApplication in 6.499 seconds (JVM running for 7.605)
00:57:56.353 [restartedMain] INFO  b.c.analisador.AnalisadorApplication - Aplicação finalizada.
00:59:26.401 [SpringApplicationShutdownHook] INFO  o.s.o.j.LocalContainerEntityManagerFactoryBean - Closing JPA EntityManagerFactory for persistence unit 'default'
00:59:26.401 [SpringApplicationShutdownHook] INFO  o.h.t.s.i.SchemaDropperImpl$DelayedDropActionImpl - HHH000477: Starting delayed evictData of schema as part of SessionFactory shut-down'
00:59:26.734 [SpringApplicationShutdownHook] WARN  o.s.b.f.s.DisposableBeanAdapter - Invocation of destroy method failed on bean with name 'inMemoryDatabaseShutdownExecutor': org.h2.jdbc.JdbcSQLNonTransientConnectionException: Database is already closed (to disable automatic closing at VM shutdown, add ";DB_CLOSE_ON_EXIT=FALSE" to the db URL) [90121-200]
00:59:26.767 [SpringApplicationShutdownHook] INFO  com.zaxxer.hikari.HikariDataSource - HikariPool-1 - Shutdown initiated...
00:59:26.826 [SpringApplicationShutdownHook] INFO  com.zaxxer.hikari.HikariDataSource - HikariPool-1 - Shutdown completed.
00:59:44.865 [main] INFO  b.c.analisador.AnalisadorApplication - Iniciando a aplicação...
00:59:45.160 [restartedMain] INFO  b.c.analisador.AnalisadorApplication - Iniciando a aplicação...
00:59:45.750 [restartedMain] INFO  b.c.analisador.AnalisadorApplication - Starting AnalisadorApplication using Java 17.0.6 on DESKTOP-QRRI2G7 with PID 17412 (C:\Users\Matheus Alexandre\Documents\Codigos Matheus\analisador\target\classes started by Matheus Alexandre in C:\Users\Matheus Alexandre\Documents\Codigos Matheus\analisador)
00:59:45.749 [background-preinit] INFO  o.h.validator.internal.util.Version - HV000001: Hibernate Validator 6.2.0.Final
00:59:45.751 [restartedMain] INFO  b.c.analisador.AnalisadorApplication - No active profile set, falling back to default profiles: default
00:59:45.829 [restartedMain] INFO  o.s.b.d.e.DevToolsPropertyDefaultsPostProcessor - Devtools property defaults active! Set 'spring.devtools.add-properties' to 'false' to disable
00:59:45.829 [restartedMain] INFO  o.s.b.d.e.DevToolsPropertyDefaultsPostProcessor - For additional web related logging consider setting the 'logging.level.web' property to 'DEBUG'
00:59:46.859 [restartedMain] INFO  o.s.d.r.c.RepositoryConfigurationDelegate - Bootstrapping Spring Data JPA repositories in DEFAULT mode.
00:59:46.955 [restartedMain] INFO  o.s.d.r.c.RepositoryConfigurationDelegate - Finished Spring Data repository scanning in 86 ms. Found 3 JPA repository interfaces.
00:59:47.983 [restartedMain] INFO  o.s.b.w.e.tomcat.TomcatWebServer - Tomcat initialized with port(s): 8080 (http)
00:59:48.000 [restartedMain] INFO  o.a.coyote.http11.Http11NioProtocol - Initializing ProtocolHandler ["http-nio-8080"]
00:59:48.000 [restartedMain] INFO  o.a.catalina.core.StandardService - Starting service [Tomcat]
00:59:48.001 [restartedMain] INFO  o.a.catalina.core.StandardEngine - Starting Servlet engine: [Apache Tomcat/9.0.52]
00:59:48.123 [restartedMain] INFO  o.a.c.c.C.[Tomcat].[localhost].[/] - Initializing Spring embedded WebApplicationContext
00:59:48.124 [restartedMain] INFO  o.s.b.w.s.c.ServletWebServerApplicationContext - Root WebApplicationContext: initialization completed in 2293 ms
00:59:48.176 [restartedMain] INFO  com.zaxxer.hikari.HikariDataSource - HikariPool-1 - Starting...
00:59:48.460 [restartedMain] INFO  com.zaxxer.hikari.HikariDataSource - HikariPool-1 - Start completed.
00:59:48.470 [restartedMain] INFO  o.s.b.a.h.H2ConsoleAutoConfiguration - H2 console available at '/h2-console'. Database available at 'jdbc:h2:mem:db_analisador'
00:59:48.699 [restartedMain] INFO  o.h.jpa.internal.util.LogHelper - HHH000204: Processing PersistenceUnitInfo [name: default]
00:59:48.775 [restartedMain] INFO  org.hibernate.Version - HHH000412: Hibernate ORM core version 5.4.32.Final
00:59:48.969 [restartedMain] INFO  o.h.annotations.common.Version - HCANN000001: Hibernate Commons Annotations {5.1.2.Final}
00:59:49.125 [restartedMain] INFO  org.hibernate.dialect.Dialect - HHH000400: Using dialect: org.hibernate.dialect.H2Dialect
00:59:49.956 [restartedMain] INFO  o.h.e.t.j.p.i.JtaPlatformInitiator - HHH000490: Using JtaPlatform implementation: [org.hibernate.engine.transaction.jta.platform.internal.NoJtaPlatform]
00:59:49.964 [restartedMain] INFO  o.s.o.j.LocalContainerEntityManagerFactoryBean - Initialized JPA EntityManagerFactory for persistence unit 'default'
00:59:51.078 [restartedMain] INFO  b.c.a.c.validation.ValidationConfig - Configuring validation bean...
00:59:51.131 [restartedMain] WARN  o.s.b.a.o.j.JpaBaseConfiguration$JpaWebConfiguration - spring.jpa.open-in-view is enabled by default. Therefore, database queries may be performed during view rendering. Explicitly configure spring.jpa.open-in-view to disable this warning
00:59:51.486 [restartedMain] INFO  o.s.b.d.a.OptionalLiveReloadServer - LiveReload server is running on port 35729
00:59:51.498 [restartedMain] INFO  o.a.coyote.http11.Http11NioProtocol - Starting ProtocolHandler ["http-nio-8080"]
00:59:51.533 [restartedMain] INFO  o.s.b.w.e.tomcat.TomcatWebServer - Tomcat started on port(s): 8080 (http) with context path ''
00:59:51.547 [restartedMain] INFO  b.c.analisador.AnalisadorApplication - Started AnalisadorApplication in 6.375 seconds (JVM running for 7.303)
00:59:51.552 [restartedMain] INFO  b.c.analisador.AnalisadorApplication - Aplicação finalizada.
01:00:35.227 [http-nio-8080-exec-2] INFO  o.a.c.c.C.[Tomcat].[localhost].[/] - Initializing Spring DispatcherServlet 'dispatcherServlet'
01:00:35.227 [http-nio-8080-exec-2] INFO  o.s.web.servlet.DispatcherServlet - Initializing Servlet 'dispatcherServlet'
01:00:35.235 [http-nio-8080-exec-2] INFO  o.s.web.servlet.DispatcherServlet - Completed initialization in 8 ms
01:00:35.363 [http-nio-8080-exec-2] INFO  b.c.a.a.controller.EmpresaController - Criando nova empresa com os dados: br.com.analisador.domain.model.dto.EmpresaDTO@1bca21a6
01:00:58.350 [http-nio-8080-exec-3] INFO  b.c.a.a.controller.UsuarioController - Criando novo usuário: br.com.analisador.domain.model.dto.UsuarioDTO@361d85a5
01:00:58.360 [http-nio-8080-exec-3] INFO  b.c.a.domain.service.UsuarioService - Salvando usuário: br.com.analisador.domain.model.dto.UsuarioDTO@361d85a5
01:00:58.360 [http-nio-8080-exec-3] INFO  b.c.a.domain.service.EmpresaService - Buscando empresa de id: 1
01:00:58.390 [http-nio-8080-exec-3] INFO  b.c.a.domain.service.UsuarioService - Usuário salvo: br.com.analisador.domain.model.Usuario@2
01:02:02.339 [SpringApplicationShutdownHook] INFO  o.s.o.j.LocalContainerEntityManagerFactoryBean - Closing JPA EntityManagerFactory for persistence unit 'default'
01:02:02.339 [SpringApplicationShutdownHook] INFO  o.h.t.s.i.SchemaDropperImpl$DelayedDropActionImpl - HHH000477: Starting delayed evictData of schema as part of SessionFactory shut-down'
01:02:02.571 [SpringApplicationShutdownHook] WARN  o.s.b.f.s.DisposableBeanAdapter - Invocation of destroy method failed on bean with name 'inMemoryDatabaseShutdownExecutor': org.h2.jdbc.JdbcSQLNonTransientConnectionException: Database is already closed (to disable automatic closing at VM shutdown, add ";DB_CLOSE_ON_EXIT=FALSE" to the db URL) [90121-200]
01:02:02.572 [SpringApplicationShutdownHook] INFO  com.zaxxer.hikari.HikariDataSource - HikariPool-1 - Shutdown initiated...
01:02:02.576 [SpringApplicationShutdownHook] INFO  com.zaxxer.hikari.HikariDataSource - HikariPool-1 - Shutdown completed.
